Activating Python virtual environment...
Running the EDA script from eda/main.py...
Reading data/DIM_CONSOLIDATED_INJURY_ILLNESS.csv
[WARN] INJURY_ILLNESS: NAME
incident no.57349-injury/illness-10/oct/2024 1:29:00 pm-kongsberg, kongsberg, norway, europe, technipfmc-                           189
incident no.26167-injury/illness-10/may/2023 1:00:00 pm-stavanger manufacturing, stavanger, norway, europe, technipfmc-               8
incident no.38592-injury/illness-20/dec/2023 4:30:00 pm-cabiunas base, macae, brazil, south america, technipfmc-                      5
incident no.372-injury/illness-8/dec/2021 7:30:00 am-lysaker offices, lysaker, norway, europe, technipfmc-                            4
incident no.31543-injury/illness-15/aug/2023 4:50:00 am-skandi africa, aberdeen, uk, europe, technipfmc-                              4
incident no.37918-injury/illness-07/dec/2023 11:21:00 pm-energy tower iii, houston, usa, north america, technipfmc-                   4
incident no.8189-injury/illness-08/dec/2021 12:00:00 am-lysaker, norway, europe, technipfmc-                                          4
incident no.59105-injury/illness-11/dec/2024 12:00:00 am-henderson service base, henderson, australia, asia pacific, technipfmc-      4
incident no.41485-injury/illness-27/feb/2024 12:55:00 pm-jakarta service base, jakarta, indonesia, asia pacific, technipfmc-          4
incident no.12497-injury/illness-18/aug/2022 4:30:00 pm-casper service base, casper, usa, north america, technipfmc-                  4
Name: count, dtype: Int64
Reading data/DIM_CONSOLIDATED_ACCIDENTS.csv
[WARN] ACCIDENTS: NAME
incident no.56308-accident-03/oct/2024 4:00:00 pm-kongsberg, kongsberg, norway, europe, technipfmc-fall accident during scaffolding work                                                                                                                                  4
incident no.6224-accident-06/dec/2019 12:00:00 am-zobsolete - fort st. john service base, zobsolete - fort st. john, canada, north america, technipfmc-662359 - crew energy 3-32-82-19w6 - produced water spill                                                           3
incident no.6110-accident-01/nov/2021 12:00:00 am-minot service base, minot, usa, north america, technipfmc-733477 - spill to ground from carryover at open top of produced water                                                                                         3
incident no.6058-accident-01/feb/2018 12:00:00 am-deep star (plsv2), aberdeen, uk, europe, technipfmc-570458 - accident / acidente - fan over heating / superaquecimento de ventilador                                                                                    3
incident no.12400-accident-18/aug/2022 6:25:00 am-deep star (plsv2), aberdeen, uk, europe, technipfmc-deep star - minor equipment damage - 0077524c001– mero 1 - 18th aug 2022 - crane hook damaged a fire box - o gancho do guindaste danificou uma caixa de incendio    3
incident no.1021-accident-28/feb/2022 2:35:00 pm-dunfermline manufacturing, dunfermline, uk, europe, technipfmc-grazed finger due to hand slipping whilst installing control tubing.                                                                                      2
incident no.6285-accident-31/aug/2020 12:00:00 am-theodore, usa, north america, technipfmc-689621 - equipment damage - hurricane bay drive - 31st august 2020 - damage to forklift cab and window                                                                         2
incident no.39315-accident-13/jan/2024 8:05:00 am-skandi africa, aberdeen, uk, europe, technipfmc-smoke observed inside a drying machine in the skandi africa main laundry.                                                                                               2
incident no.6237-accident-31/dec/2019 12:00:00 am-brighton service base, brighton, usa, north america, technipfmc-665024 - slip and trip.                                                                                                                                 2
incident no.6072-accident-26/jun/2019 12:00:00 am-odessa service base, odessa, usa, north america, technipfmc-641284 - forklift accident on customer location                                                                                                             2
Name: count, dtype: Int64
Reading data/DIM_CONSOLIDATED_HAZARD_OBSERVATIONS.csv
[WARN] HAZARD_OBSERVATIONS: NAME
incident no.4327-hazard observation-24/mar/2022 2:10:00 pm-wellington circle (altens service base), aberdeen, uk, europe, technipfmc-incorrectly located scaffolding                                                                                                                                       5
incident no.15258-hazard observation-07/oct/2022 7:54:00 am-kristiansund, norway, europe, technipfmc-ksu b17: routines for handling radioactive sources missing                                                                                                                                            4
incident no.7521-hazard observation-20/jan/2021 12:00:00 am-cabiunas base, macae, brazil, south america, technipfmc-704307 - rasi - macaé base cabiúnas - pallets dispostos de forma inadequada na rua c do autoportante e galpão 302                                                                      4
incident no.24032-hazard observation-22/mar/2023 08:00:00-cabiunas base, macae, brazil, south america, technipfmc-paralelepípedos soltos na área.                                                                                                                                                          4
incident no.69328-hazard observation-12/jun/2025 10:47:00 am-gremp campus (generation park), houston, usa, north america, technipfmc-spring loaded tool line of fire prevention                                                                                                                            4
incident no.3869-hazard observation-05/mar/2022 11:09:00 pm-top coral do atlantico (plsv1), rio de janeiro, brazil, south america, technipfmc-marreta sendo usada sem cabo anti-drops                                                                                                                      4
incident no.61309-hazard observation-31/jan/2025 5:35:00 pm-agotnes facility, agotnes, norway, europe, technipfmc-weak wooden crate for transport/handling of choke installation / retrieval tool                                                                                                          4
incident no.5546-hazard observation-22/apr/2022 12:48:00 pm-wellington circle (altens service base), aberdeen, uk, europe, technipfmc-poorly balanced surface xt during actuator removal                                                                                                                   4
incident no.6850-hazard observation-01/jun/2017 12:00:00 am-top coral do atlantico (plsv1), rio de janeiro, brazil, south america, technipfmc-540104 - dangerous materials stored in the heavy store in inadequate area. materiais perigosos armazenados no almoxarifado de pesados em área inadequada.    3
incident no.29229-hazard observation-03/jul/2023 5:09:00 pm-port harcourt service base, port harcourt, nigeria, africa, technipfmc-manual electric tugger                                                                                                                                                  3
Name: count, dtype: Int64
Reading data/DIM_CONSOLIDATED_PROPERTY_DAMAGE_INCIDENT.csv
Reading data/DIM_CONSOLIDATED_NEAR_MISSES.csv
[WARN] NEAR_MISSES: NAME
incident no.72396-near miss-29/jul/2025 13:15:00-flexibras, acu, brazil, south america, technipfmc-flexibras açu - nm - projeção de arquilux contra rosto de piloto do jumbo                                                                                                                                                        4
incident no.6423-near miss-22/dec/2021 12:00:00 am-dunfermline manufacturing, dunfermline, uk, europe, technipfmc-739568 - overflow of water from valve cell sump                                                                                                                                                                   3
incident no.6348-near miss-21/aug/2021 12:00:00 am-minot service base, minot, usa, north america, technipfmc-726498 - generator being near the open top                                                                                                                                                                             3
incident no.41291-near miss-23/feb/2024 9:30:00 am-gremp campus (generation park), houston, usa, north america, technipfmc-002 - s05 - highbay - test flange drop                                                                                                                                                                   3
incident no.6362-near miss-15/jul/2021 12:00:00 am-congo, africa, technipfmc-723079 - si congo near miss, smoke on coffee maker located in the meeting room on 15.07.2021                                                                                                                                                           3
incident no.6357-near miss-13/jul/2020 12:00:00 am-congo, africa, technipfmc-684970 - congo si near miss collision between tfmc car 346 lh6 and a private taxi car 463 km6.13.07.20                                                                                                                                                 3
incident no.6491-near miss-20/feb/2020 12:00:00 am-luanda, angola, africa, technipfmc-671061 - near miss                                                                                                                                                                                                                            3
incident no.28847-near miss-27/jun/2023 3:30:00 pm-energy tower iii, houston, usa, north america, technipfmc-sif- dropped pipe from truck - murphy dalmatian - intersection ih 45 frontage rd and richey east side of freeway- jh walker - 27 june 2023 - two pipe coupons rolled off the trailer as truck was making right turn    2
incident no.70787-near miss-04/jul/2025 9:45:00 pm-deep discoverer, aberdeen, uk, europe, technipfmc-near miss incident - tide fish (current measuring device) became detached from its securing line while deployed from the moonpool during nitrox diving operations                                                              2
incident no.6354-near miss-07/jun/2019 12:00:00 am-congo, africa, technipfmc-639769 - congo si near miss collision between tfmc rental car 739 jl 6 and a private car prado 077 kk 6. 07.06. 2019                                                                                                                                   2
Name: count, dtype: Int64

Data Info
<class 'pandas.core.frame.DataFrame'>
RangeIndex: 28541 entries, 0 to 28540
Columns: 134 entries, NAME to SYSTEM_OF_RECORD__NEAR_MISSES
dtypes: Int64(25), boolean(11), string(98)
memory usage: 28.1 MB
None

Data Describe
                                                     NAME  ...  SYSTEM_OF_RECORD__NEAR_MISSES
count                                               28541  ...                           2357
unique                                              28541  ...                              1
top     incident no.37502-near miss-03/dec/2023 4:30:0...  ...                        Intelex
freq                                                    1  ...                           2357
mean                                                  NaN  ...                            NaN
std                                                   NaN  ...                            NaN
min                                                   NaN  ...                            NaN
25%                                                   NaN  ...                            NaN
50%                                                   NaN  ...                            NaN
75%                                                   NaN  ...                            NaN
max                                                   NaN  ...                            NaN

[11 rows x 134 columns]

Data Head
                                                NAME  ...  SYSTEM_OF_RECORD__NEAR_MISSES
0  incident no.10009-injury/illness-09/jun/2022 1...  ...                           <NA>
1  incident no.10041-injury/illness-15/jun/2022 6...  ...                           <NA>
2  incident no.10046-injury/illness-15/jun/2022 1...  ...                           <NA>
3  incident no.10051-injury/illness-20/jun/2022 1...  ...                           <NA>
4  incident no.10082-injury/illness-18/jun/2022 1...  ...                           <NA>

[5 rows x 134 columns]

Data Columns
NAME, Type: string
INCIDENT_NO__INJURY_ILLNESS, Type: Int64
INCIDENT_TYPE__INJURY_ILLNESS, Type: string
INJURY_ILLNESS_INDICATOR__INJURY_ILLNESS, Type: Int64
INJURY_OCCUPATIONAL_ILLNESS__INJURY_ILLNESS, Type: string
ACTUAL_SEVERITY__INJURY_ILLNESS, Type: string
ACTUAL_SEVERITY_VALUE__INJURY_ILLNESS, Type: Int64
ACTUAL_SEVERITY_LEVEL__INJURY_ILLNESS, Type: string
WORKER_TYPE__INJURY_ILLNESS, Type: string
OCCUPATION_JOB_TITLE__INJURY_ILLNESS, Type: string
SHIFT_DETAILS__INJURY_ILLNESS, Type: string
INJURY_ILLNESS__INJURY_ILLNESS, Type: string
BODY_PART__INJURY_ILLNESS, Type: string
BODY_PART_GROUP__INJURY_ILLNESS, Type: string
INJURY_CATEGORY__INJURY_ILLNESS, Type: string
RECORDABLES__INJURY_ILLNESS, Type: string
HURTS__INJURY_ILLNESS, Type: string
LOST_TIME_INJURY__INJURY_ILLNESS, Type: string
MASTER_RECORD_NO__INJURY_ILLNESS, Type: Int64
INJURY_INDICATOR__INJURY_ILLNESS, Type: Int64
RECORDABLE_INDICATOR__INJURY_ILLNESS, Type: Int64
HURT_INDICATOR__INJURY_ILLNESS, Type: Int64
FAT_INDICATOR__INJURY_ILLNESS, Type: Int64
MTI_INDICATOR__INJURY_ILLNESS, Type: Int64
RWC_INDICATOR__INJURY_ILLNESS, Type: Int64
LTI_INDICATOR__INJURY_ILLNESS, Type: Int64
FATALITY_INDICATOR__INJURY_ILLNESS, Type: Int64
SYSTEM_OF_RECORD__INJURY_ILLNESS, Type: string
RECORD_NO__ACCIDENTS, Type: Int64
INCIDENT_TYPE__ACCIDENTS, Type: string
DATE_OF_INCIDENT__ACCIDENTS, Type: string
DATE_TIME_OF_INCIDENT__ACCIDENTS, Type: string
TITLE__ACCIDENTS, Type: string
ORGANIZATION__ACCIDENTS, Type: string
GBU__ACCIDENTS, Type: string
BU__ACCIDENTS, Type: string
WORKPLACE__ACCIDENTS, Type: string
PROJECT__ACCIDENTS, Type: string
CLIENT__ACCIDENTS, Type: string
DESCRIPTION__ACCIDENTS, Type: string
CASE_CATEGORIZATION__ACCIDENTS, Type: string
WORK_PROCESS__ACCIDENTS, Type: string
LIFE_SAVING_RULES__ACCIDENTS, Type: string
WORK_RELATED__ACCIDENTS, Type: boolean
TFMC_OWNED__ACCIDENTS, Type: boolean
REPORTED_BY__ACCIDENTS, Type: string
DATE_REPORTED__ACCIDENTS, Type: string
NOTIFICATION_SENT__ACCIDENTS, Type: boolean
STATUS__ACCIDENTS, Type: string
LOSS_POTENTIAL_SEVERITY__ACCIDENTS, Type: Int64
DATE_OF_APPROVAL__ACCIDENTS, Type: string
DATE_OF_CLOSURE__ACCIDENTS, Type: string
DUE_DATE__ACCIDENTS, Type: string
RECORD_NO_LOSS_POTENTIAL__ACCIDENTS, Type: Int64
OPERATING_CENTER__ACCIDENTS, Type: string
LOCATION_CODE__ACCIDENTS, Type: string
PERSON_RESPONSIBLE__ACCIDENTS, Type: string
PERSON_RESPONSIBLE_NAME__ACCIDENTS, Type: string
PERSON_RESPONSIBLE_EMAIL__ACCIDENTS, Type: string
PERSON_RESPONSIBLE_STATUS__ACCIDENTS, Type: string
URL_LINK__ACCIDENTS, Type: string
SYSTEM_OF_RECORD__ACCIDENTS, Type: string
RECORD_NO__HAZARD_OBSERVATIONS, Type: Int64
INCIDENT_TYPE__HAZARD_OBSERVATIONS, Type: string
DATE_OF_INCIDENT__HAZARD_OBSERVATIONS, Type: string
DATE_TIME_OF_INCIDENT__HAZARD_OBSERVATIONS, Type: string
TITLE__HAZARD_OBSERVATIONS, Type: string
ORGANIZATION__HAZARD_OBSERVATIONS, Type: string
GBU__HAZARD_OBSERVATIONS, Type: string
BU__HAZARD_OBSERVATIONS, Type: string
WORKPLACE__HAZARD_OBSERVATIONS, Type: string
PROJECT__HAZARD_OBSERVATIONS, Type: string
CLIENT__HAZARD_OBSERVATIONS, Type: string
DESCRIPTION__HAZARD_OBSERVATIONS, Type: string
CASE_CATEGORIZATION__HAZARD_OBSERVATIONS, Type: string
WORK_PROCESS__HAZARD_OBSERVATIONS, Type: string
LIFE_SAVING_RULES__HAZARD_OBSERVATIONS, Type: string
WORK_RELATED__HAZARD_OBSERVATIONS, Type: boolean
TFMC_OWNED__HAZARD_OBSERVATIONS, Type: boolean
REPORTED_BY__HAZARD_OBSERVATIONS, Type: string
DATE_REPORTED__HAZARD_OBSERVATIONS, Type: string
NOTIFICATION_SENT__HAZARD_OBSERVATIONS, Type: boolean
STATUS__HAZARD_OBSERVATIONS, Type: string
LOSS_POTENTIAL_SEVERITY__HAZARD_OBSERVATIONS, Type: Int64
DATE_OF_APPROVAL__HAZARD_OBSERVATIONS, Type: string
DATE_OF_CLOSURE__HAZARD_OBSERVATIONS, Type: string
DUE_DATE__HAZARD_OBSERVATIONS, Type: string
RECORD_NO_LOSS_POTENTIAL__HAZARD_OBSERVATIONS, Type: Int64
OPERATING_CENTER__HAZARD_OBSERVATIONS, Type: string
LOCATION_CODE__HAZARD_OBSERVATIONS, Type: string
SIF_PREVENTION__HAZARD_OBSERVATIONS, Type: boolean
STOPPED_WORK__HAZARD_OBSERVATIONS, Type: boolean
URL_LINK__HAZARD_OBSERVATIONS, Type: string
SYSTEM_OF_RECORD__HAZARD_OBSERVATIONS, Type: string
INCIDENT_NO__PROPERTY_DAMAGE_INCIDENT, Type: Int64
INCIDENT_TYPE__PROPERTY_DAMAGE_INCIDENT, Type: string
PROPERTY_DAMAGE_INCIDENT_INDICATOR__PROPERTY_DAMAGE_INCIDENT, Type: Int64
ACTUAL_SEVERITY__PROPERTY_DAMAGE_INCIDENT, Type: string
ACTUAL_SEVERITY_VALUE__PROPERTY_DAMAGE_INCIDENT, Type: Int64
ACTUAL_SEVERITY_LEVEL__PROPERTY_DAMAGE_INCIDENT, Type: string
DAMAGED_ITEMS__PROPERTY_DAMAGE_INCIDENT, Type: string
DAMAGE_DESCRIPTION__PROPERTY_DAMAGE_INCIDENT, Type: string
MASTER_RECORD_NO__PROPERTY_DAMAGE_INCIDENT, Type: Int64
SYSTEM_OF_RECORD__PROPERTY_DAMAGE_INCIDENT, Type: string
RECORD_NO__NEAR_MISSES, Type: Int64
INCIDENT_TYPE__NEAR_MISSES, Type: string
DATE_OF_INCIDENT__NEAR_MISSES, Type: string
DATE_TIME_OF_INCIDENT__NEAR_MISSES, Type: string
TITLE__NEAR_MISSES, Type: string
ORGANIZATION__NEAR_MISSES, Type: string
GBU__NEAR_MISSES, Type: string
BU__NEAR_MISSES, Type: string
WORKPLACE__NEAR_MISSES, Type: string
PROJECT__NEAR_MISSES, Type: string
CLIENT__NEAR_MISSES, Type: string
DESCRIPTION__NEAR_MISSES, Type: string
CASE_CATEGORIZATION__NEAR_MISSES, Type: string
WORK_PROCESS__NEAR_MISSES, Type: string
LIFE_SAVING_RULES__NEAR_MISSES, Type: string
WORK_RELATED__NEAR_MISSES, Type: boolean
TFMC_OWNED__NEAR_MISSES, Type: boolean
REPORTED_BY__NEAR_MISSES, Type: string
DATE_REPORTED__NEAR_MISSES, Type: string
NOTIFICATION_SENT__NEAR_MISSES, Type: boolean
STATUS__NEAR_MISSES, Type: string
LOSS_POTENTIAL_SEVERITY__NEAR_MISSES, Type: Int64
DATE_OF_APPROVAL__NEAR_MISSES, Type: string
DATE_OF_CLOSURE__NEAR_MISSES, Type: string
DUE_DATE__NEAR_MISSES, Type: string
RECORD_NO_LOSS_POTENTIAL__NEAR_MISSES, Type: Int64
OPERATING_CENTER__NEAR_MISSES, Type: string
LOCATION_CODE__NEAR_MISSES, Type: string
URL_LINK__NEAR_MISSES, Type: string
SYSTEM_OF_RECORD__NEAR_MISSES, Type: string
Saved Unigrams visualizations for 'TITLE__ACCIDENTS'.
Saved Bigrams visualizations for 'TITLE__ACCIDENTS'.
Saved Unigrams visualizations for 'TITLE__NEAR_MISSES'.
Saved Bigrams visualizations for 'TITLE__NEAR_MISSES'.
Job finished.
